<?xml version="1.0" encoding="UTF-8"?>
<!-- Generated by org.testng.reporters.JUnitReportReporter -->
<testsuite hostname="LAPTOP-TN72FNPT" failures="0" tests="4" name="htl.MyMathTest" time="0.016" errors="0" timestamp="2024-10-07T15:26:53 MESZ" skipped="0">
  <testcase classname="htl.MyMathTest" name="testSubtraction" time="0.001"/>
  <system-out/>
  <testcase classname="htl.MyMathTest" name="testAddition" time="0.012"/>
  <system-out/>
  <testcase classname="htl.MyMathTest" name="testMultiplikation" time="0.001"/>
  <system-out/>
  <testcase classname="htl.MyMathTest" name="testDivision" time="0.002"/>
  <system-out/>
</testsuite> <!-- htl.MyMathTest -->
