<?xml version="1.0" encoding="UTF-8"?>
<!-- Generated by org.testng.reporters.JUnitReportReporter -->
<testsuite hostname="LAPTOP-TN72FNPT" failures="0" tests="6" name="formsTesting.CircleTesting" time="0.025" errors="0" timestamp="2024-10-08T11:43:10 MESZ" skipped="0">
  <testcase classname="formsTesting.CircleTesting" name="testingCalculateArea" time="0.014"/>
  <system-out/>
  <testcase classname="formsTesting.CircleTesting" name="testingCalculateArea2" time="0.001"/>
  <system-out/>
  <testcase classname="formsTesting.CircleTesting" name="testingCalculateCircumference2" time="0.001"/>
  <system-out/>
  <testcase classname="formsTesting.CircleTesting" name="testingCalculateCircumference" time="0.002"/>
  <system-out/>
  <testcase classname="formsTesting.CircleTesting" name="testingToString" time="0.006"/>
  <system-out/>
  <testcase classname="formsTesting.CircleTesting" name="testingToString2" time="0.001"/>
  <system-out/>
</testsuite> <!-- formsTesting.CircleTesting -->
